2026-04-02 18:10:01+0800: Running with following config:
allowResignation = true
lagBuffer = 1.0
logAllGTPCommunication = true
logDir = gtp_logs
logSearchInfo = true
logSearchInfoForChosenMove = false
logToStderr = false
maxTimePondering = 60.0
maxVisits = 500
numSearchThreads = 6
ponderingEnabled = false
resignConsecTurns = 3
resignThreshold = -0.90
rules = tromp-taylor
searchFactor = 1.0
searchFactorAfterOnePass = 0.50
searchFactorAfterTwoPass = 0.25
searchFactorWhenWinning = 0.40
searchFactorWhenWinningThreshold = 0.95

2026-04-02 18:10:01+0800: GTP Engine starting...
2026-04-02 18:10:01+0800: KataGo v1.16.4
2026-04-02 18:10:01+0800: Using TrompTaylor rules initially, unless GTP/GUI overrides this
2026-04-02 18:10:01+0800: Using 6 CPU thread(s) for search
2026-04-02 18:10:01+0800: nnRandSeed0 = 1705370935249437490
2026-04-02 18:10:01+0800: After dedups: nnModelFile0 = default_model.bin.gz useFP16 auto useNHWC auto
2026-04-02 18:10:01+0800: Initializing neural net buffer to be size 19 * 19 exactly
2026-04-02 18:10:01+0800: Found OpenCL Platform 0: NVIDIA CUDA (NVIDIA Corporation) (OpenCL 3.0 CUDA 13.0.97)
2026-04-02 18:10:01+0800: Found 1 device(s) on platform 0 with type CPU or GPU or Accelerator
2026-04-02 18:10:01+0800: Found OpenCL Platform 1: Intel(R) OpenCL Graphics (Intel(R) Corporation) (OpenCL 3.0 )
2026-04-02 18:10:01+0800: Found 1 device(s) on platform 1 with type CPU or GPU or Accelerator
2026-04-02 18:10:01+0800: Found OpenCL Device 0: NVIDIA GeForce RTX 5060 Laptop GPU (NVIDIA Corporation) (score 11000300)
2026-04-02 18:10:01+0800: Found OpenCL Device 1: Intel(R) RaptorLake-S Mobile Graphics Controller (Intel(R) Corporation) (score 6000300)
2026-04-02 18:10:01+0800: Creating context for OpenCL Platform: NVIDIA CUDA (NVIDIA Corporation) (OpenCL 3.0 CUDA 13.0.97)
2026-04-02 18:10:02+0800: Using OpenCL Device 0: NVIDIA GeForce RTX 5060 Laptop GPU (NVIDIA Corporation) OpenCL 3.0 CUDA (Extensions: cl_khr_global_int32_base_atomics cl_khr_global_int32_extended_atomics cl_khr_local_int32_base_atomics cl_khr_local_int32_extended_atomics cl_khr_fp64 cl_khr_3d_image_writes cl_khr_byte_addressable_store cl_khr_icd cl_khr_gl_sharing cl_nv_compiler_options cl_nv_device_attribute_query cl_nv_pragma_unroll cl_nv_d3d10_sharing cl_khr_d3d10_sharing cl_nv_d3d11_sharing cl_nv_copy_opts cl_nv_create_buffer cl_khr_int64_base_atomics cl_khr_int64_extended_atomics cl_khr_device_uuid cl_khr_pci_bus_info cl_khr_external_semaphore cl_khr_external_memory cl_khr_external_semaphore_win32 cl_khr_external_memory_win32 cl_khr_semaphore)
2026-04-02 18:10:02+0800: Loaded tuning parameters from: C:\Users\Legolas\Documents\trae_projects\Project_six/KataGoData/opencltuning/tune11_gpuNVIDIAGeForceRTX5060LaptopGPU_x19_y19_c128_mv8.txt
2026-04-02 18:10:03+0800: OpenCL backend thread 0: Model version 8
2026-04-02 18:10:03+0800: OpenCL backend thread 0: Model name: g170-b10c128-s1141046784-d204142634
2026-04-02 18:10:03+0800: OpenCL backend thread 0: FP16Storage true FP16Compute false FP16TensorCores true FP16TensorCoresFor1x1 false
2026-04-02 18:10:03+0800: Loaded neural net with nnXLen 19 nnYLen 19
2026-04-02 18:10:03+0800: Initializing board with boardXSize 19 boardYSize 19
2026-04-02 18:10:03+0800: --------------
2026-04-02 18:10:03+0800: WARNING: Config had unused keys! You may have a typo, an option you specified is being unused from default_gtp.cfg and/or command-line and query overrides
2026-04-02 18:10:03+0800: WARNING: Unused key 'searchFactor' in default_gtp.cfg and/or command-line and query overrides
2026-04-02 18:10:03+0800: --------------
2026-04-02 18:10:03+0800: Loaded config default_gtp.cfg and/or command-line and query overrides
2026-04-02 18:10:03+0800: Loaded model default_model.bin.gz
2026-04-02 18:10:03+0800: Config override: searchFactor = 1.0
2026-04-02 18:10:03+0800: Model name: g170-b10c128-s1141046784-d204142634
2026-04-02 18:10:03+0800: GTP ready, beginning main protocol loop
